<?xml version="1.0" encoding="UTF-8"?>
<testng-results ignored="2" total="3" passed="1" failed="0" skipped="0">
  <reporter-output>
  </reporter-output>
  <suite started-at="2024-06-03T14:34:12 IST" name="Default suite" finished-at="2024-06-03T14:34:16 IST" duration-ms="4158">
    <groups>
    </groups>
    <test started-at="2024-06-03T14:34:12 IST" name="Default test" finished-at="2024-06-03T14:34:16 IST" duration-ms="4158">
      <class name="com.tutorialsninja.qa.testcases.SearchTest">
        <test-method is-config="true" signature="setup()[pri:0, instance:com.tutorialsninja.qa.testcases.SearchTest@2d52216b]" started-at="2024-06-03T14:34:12 IST" name="setup" finished-at="2024-06-03T14:34:16 IST" duration-ms="3333" status="PASS">
          <reporter-output>
          </reporter-output>
        </test-method> <!-- setup -->
        <test-method signature="verifySearchWithInvalidProduct()[pri:2, instance:com.tutorialsninja.qa.testcases.SearchTest@2d52216b]" started-at="2024-06-03T14:34:16 IST" name="verifySearchWithInvalidProduct" finished-at="2024-06-03T14:34:16 IST" duration-ms="521" status="PASS">
          <reporter-output>
          </reporter-output>
        </test-method> <!-- verifySearchWithInvalidProduct -->
        <test-method is-config="true" signature="tearDown()[pri:0, instance:com.tutorialsninja.qa.testcases.SearchTest@2d52216b]" started-at="2024-06-03T14:34:16 IST" name="tearDown" finished-at="2024-06-03T14:34:16 IST" duration-ms="231" status="PASS">
          <reporter-output>
          </reporter-output>
        </test-method> <!-- tearDown -->
      </class> <!-- com.tutorialsninja.qa.testcases.SearchTest -->
    </test> <!-- Default test -->
  </suite> <!-- Default suite -->
</testng-results>
